<?xml version="1.0" encoding="UTF-8"?>
<testsuite xmlns:xsi="http://www.w3.org/2001/XMLSchema-instance" xsi:noNamespaceSchemaLocation="https://maven.apache.org/surefire/maven-surefire-plugin/xsd/surefire-test-report-3.0.xsd" version="3.0" name="ProductServiceTest" time="2.516" tests="6" errors="0" skipped="0" failures="0">
  <properties>
[...]
</properties>
  <testcase name="testUpdateProductPrice" classname="ProductServiceTest" time="1.593">
    <system-out><![CDATA[All products deleted successfully.
Added product: Product{id=4500000, name='TestProduct', price=10.0, quantity=100, origin='TestOrigin'}
Updated product: Product{id=4500000, name='TestProduct', price=15.0, quantity=100, origin='TestOrigin'}
All products deleted successfully.
]]></system-out>
  </testcase>
  <testcase name="testRemoveProduct" classname="ProductServiceTest" time="0.155">
    <system-out><![CDATA[All products deleted successfully.
Added product: Product{id=1, name='TestProduct', price=10.0, quantity=100, origin='TestOrigin'}
Product exists after removal: false
All products deleted successfully.
]]></system-out>
  </testcase>
  <testcase name="testUpdateProductQuantity" classname="ProductServiceTest" time="0.218">
    <system-out><![CDATA[All products deleted successfully.
Added product: Product{id=1, name='TestProduct', price=10.0, quantity=100, origin='TestOrigin'}
Updated product: Product{id=1, name='TestProduct', price=10.0, quantity=200, origin='TestOrigin'}
Product{id=1, name='TestProduct', price=10.0, quantity=200, origin='TestOrigin'}
All products deleted successfully.
]]></system-out>
  </testcase>
  <testcase name="testAddProduct" classname="ProductServiceTest" time="0.14">
    <system-out><![CDATA[All products deleted successfully.
Added product: Product{id=1, name='TestProduct', price=10.0, quantity=100, origin='TestOrigin'}
All products deleted successfully.
]]></system-out>
  </testcase>
  <testcase name="testDeleteAllProducts" classname="ProductServiceTest" time="0.205">
    <system-out><![CDATA[All products deleted successfully.
Added products:
Product{id=1, name='TestProduct1', price=10.0, quantity=100, origin='TestOrigin1'}
Product{id=2, name='TestProduct2', price=20.0, quantity=200, origin='TestOrigin2'}
All products deleted successfully.
Product 1 exists after deletion: false
Product 2 exists after deletion: false
All products deleted successfully.
]]></system-out>
  </testcase>
  <testcase name="testDisplayProducts" classname="ProductServiceTest" time="0.162">
    <system-out><![CDATA[All products deleted successfully.
]]></system-out>
  </testcase>
</testsuite>